-- Log started --
Application start
glfwInit() succeeded
GLAD initialized. OpenGL 3.3.0 NVIDIA 591.74
Initializing subsystems...
Quad shader loaded
Model shader loaded
Projection and view matrices set
ImGui initialized
Car model loaded
Model drawing is ENABLED
Entering main loop
Frame 0 start
Drawing models
Fatal signal: 11 - terminating
-- Log started --
Application start
glfwInit() succeeded
GLAD initialized. OpenGL 3.3.0 NVIDIA 591.74
Initializing subsystems...
Quad shader loaded
ImGui initialized
Model drawing is ENABLED
Entering main loop
Frame 0 start
After clearing frame
First frame beginning
Frame 0 end
Frame 1 start
After clearing frame
Frame 1 end
Frame 2 start
After clearing frame
Frame 2 end
Frame 3 start
After clearing frame
Frame 3 end
Frame 4 start
After clearing frame
Frame 4 end
Frame 5 start
After clearing frame
Frame 5 end
Frame 6 start
After clearing frame
Frame 6 end
Frame 7 start
After clearing frame
Frame 7 end
Frame 8 start
After clearing frame
Frame 8 end
Frame 9 start
After clearing frame
Frame 9 end
Frame 10 start
After clearing frame
Frame 10 end
Frame 11 start
After clearing frame
Frame 11 end
Frame 12 start
After clearing frame
Frame 12 end
Frame 13 start
After clearing frame
Frame 13 end
Frame 14 start
After clearing frame
Frame 14 end
Frame 15 start
After clearing frame
Frame 15 end
Frame 16 start
After clearing frame
Frame 16 end
Frame 17 start
After clearing frame
Frame 17 end
Frame 18 start
After clearing frame
Frame 18 end
Frame 19 start
After clearing frame
Frame 19 end
Frame 20 start
After clearing frame
Frame 20 end
Frame 21 start
After clearing frame
Frame 21 end
Frame 22 start
After clearing frame
Frame 22 end
Frame 23 start
After clearing frame
Frame 23 end
Frame 24 start
After clearing frame
Frame 24 end
Frame 25 start
After clearing frame
Frame 25 end
Frame 26 start
After clearing frame
Frame 26 end
Frame 27 start
After clearing frame
Frame 27 end
Frame 28 start
After clearing frame
Frame 28 end
Frame 29 start
After clearing frame
Frame 29 end
Frame 30 start
After clearing frame
Frame 30 end
Frame 31 start
After clearing frame
Frame 31 end
Frame 32 start
After clearing frame
Frame 32 end
Frame 33 start
After clearing frame
Frame 33 end
Frame 34 start
After clearing frame
Frame 34 end
Frame 35 start
After clearing frame
Frame 35 end
Frame 36 start
After clearing frame
Frame 36 end
Frame 37 start
After clearing frame
Frame 37 end
Frame 38 start
After clearing frame
Frame 38 end
Frame 39 start
After clearing frame
Frame 39 end
Frame 40 start
After clearing frame
Frame 40 end
Frame 41 start
After clearing frame
Frame 41 end
Frame 42 start
After clearing frame
Frame 42 end
Frame 43 start
After clearing frame
Frame 43 end
Frame 44 start
After clearing frame
Frame 44 end
Frame 45 start
After clearing frame
Frame 45 end
Frame 46 start
After clearing frame
Frame 46 end
Frame 47 start
After clearing frame
Frame 47 end
Frame 48 start
After clearing frame
Frame 48 end
Frame 49 start
After clearing frame
Frame 49 end
Frame 50 start
After clearing frame
Frame 50 end
Frame 51 start
After clearing frame
Frame 51 end
Frame 52 start
After clearing frame
Frame 52 end
Frame 53 start
After clearing frame
Frame 53 end
Frame 54 start
After clearing frame
Frame 54 end
Frame 55 start
After clearing frame
Frame 55 end
Frame 56 start
After clearing frame
Frame 56 end
Frame 57 start
After clearing frame
Frame 57 end
Frame 58 start
After clearing frame
Frame 58 end
Frame 59 start
After clearing frame
Frame 59 end
Frame 60 start
After clearing frame
Frame 60 end
Frame 61 start
After clearing frame
Frame 61 end
Frame 62 start
After clearing frame
Frame 62 end
Frame 63 start
After clearing frame
Frame 63 end
Frame 64 start
After clearing frame
Frame 64 end
Frame 65 start
After clearing frame
Frame 65 end
Frame 66 start
After clearing frame
Frame 66 end
Frame 67 start
After clearing frame
Frame 67 end
Frame 68 start
After clearing frame
Frame 68 end
Frame 69 start
After clearing frame
Frame 69 end
Frame 70 start
After clearing frame
Frame 70 end
Frame 71 start
After clearing frame
Frame 71 end
Frame 72 start
After clearing frame
Frame 72 end
Frame 73 start
After clearing frame
Frame 73 end
Frame 74 start
After clearing frame
Frame 74 end
Frame 75 start
After clearing frame
Frame 75 end
Frame 76 start
After clearing frame
Frame 76 end
Frame 77 start
After clearing frame
Frame 77 end
Frame 78 start
After clearing frame
Frame 78 end
Frame 79 start
After clearing frame
Frame 79 end
Frame 80 start
After clearing frame
Frame 80 end
Frame 81 start
After clearing frame
Frame 81 end
Frame 82 start
After clearing frame
Frame 82 end
Frame 83 start
After clearing frame
Frame 83 end
Frame 84 start
After clearing frame
Frame 84 end
Frame 85 start
After clearing frame
Frame 85 end
Frame 86 start
After clearing frame
Frame 86 end
Frame 87 start
After clearing frame
Frame 87 end
Frame 88 start
After clearing frame
Frame 88 end
Frame 89 start
After clearing frame
Frame 89 end
Frame 90 start
After clearing frame
Frame 90 end
Frame 91 start
After clearing frame
Frame 91 end
Frame 92 start
After clearing frame
Frame 92 end
Frame 93 start
After clearing frame
Frame 93 end
Frame 94 start
After clearing frame
Frame 94 end
Frame 95 start
After clearing frame
Frame 95 end
Frame 96 start
After clearing frame
Frame 96 end
Frame 97 start
After clearing frame
Frame 97 end
Frame 98 start
After clearing frame
Frame 98 end
Frame 99 start
After clearing frame
Frame 99 end
Frame 100 start
After clearing frame
Frame 100 end
Frame 101 start
After clearing frame
Frame 101 end
Frame 102 start
After clearing frame
Frame 102 end
Frame 103 start
After clearing frame
Frame 103 end
Frame 104 start
After clearing frame
Frame 104 end
Frame 105 start
After clearing frame
Frame 105 end
Frame 106 start
After clearing frame
Frame 106 end
Frame 107 start
After clearing frame
Frame 107 end
Frame 108 start
After clearing frame
Frame 108 end
Frame 109 start
After clearing frame
Frame 109 end
Frame 110 start
After clearing frame
Frame 110 end
Frame 111 start
After clearing frame
Frame 111 end
Frame 112 start
After clearing frame
Frame 112 end
Frame 113 start
After clearing frame
Frame 113 end
Frame 114 start
After clearing frame
Frame 114 end
Frame 115 start
After clearing frame
Frame 115 end
Frame 116 start
After clearing frame
Frame 116 end
Frame 117 start
After clearing frame
Frame 117 end
Frame 118 start
After clearing frame
Frame 118 end
Frame 119 start
After clearing frame
Frame 119 end
Frame 120 start
After clearing frame
Frame 120 end
Frame 121 start
After clearing frame
Frame 121 end
Frame 122 start
After clearing frame
Frame 122 end
Frame 123 start
After clearing frame
Frame 123 end
Frame 124 start
After clearing frame
Frame 124 end
Frame 125 start
After clearing frame
Frame 125 end
Frame 126 start
After clearing frame
Frame 126 end
Frame 127 start
After clearing frame
Frame 127 end
Frame 128 start
After clearing frame
Frame 128 end
Frame 129 start
After clearing frame
Frame 129 end
Frame 130 start
After clearing frame
Frame 130 end
Frame 131 start
After clearing frame
Frame 131 end
Frame 132 start
After clearing frame
Frame 132 end
Frame 133 start
After clearing frame
Frame 133 end
Frame 134 start
After clearing frame
Frame 134 end
Frame 135 start
After clearing frame
Frame 135 end
Frame 136 start
After clearing frame
Frame 136 end
Frame 137 start
After clearing frame
Frame 137 end
Frame 138 start
After clearing frame
Frame 138 end
Frame 139 start
After clearing frame
Frame 139 end
Frame 140 start
After clearing frame
Frame 140 end
Frame 141 start
After clearing frame
Frame 141 end
Frame 142 start
After clearing frame
Frame 142 end
Frame 143 start
After clearing frame
Frame 143 end
Frame 144 start
After clearing frame
Frame 144 end
Frame 145 start
After clearing frame
Frame 145 end
Frame 146 start
After clearing frame
Frame 146 end
Frame 147 start
After clearing frame
Frame 147 end
Frame 148 start
After clearing frame
Frame 148 end
Frame 149 start
After clearing frame
Frame 149 end
Frame 150 start
After clearing frame
Frame 150 end
Frame 151 start
After clearing frame
Frame 151 end
Frame 152 start
After clearing frame
Frame 152 end
Frame 153 start
After clearing frame
Frame 153 end
Frame 154 start
After clearing frame
Frame 154 end
Frame 155 start
After clearing frame
Frame 155 end
Frame 156 start
After clearing frame
Frame 156 end
Frame 157 start
After clearing frame
Frame 157 end
Frame 158 start
After clearing frame
Frame 158 end
Frame 159 start
After clearing frame
Frame 159 end
Frame 160 start
After clearing frame
Frame 160 end
Frame 161 start
After clearing frame
Frame 161 end
Frame 162 start
After clearing frame
Frame 162 end
Frame 163 start
After clearing frame
Frame 163 end
Frame 164 start
After clearing frame
Frame 164 end
Frame 165 start
After clearing frame
Frame 165 end
Frame 166 start
After clearing frame
Frame 166 end
Frame 167 start
After clearing frame
Frame 167 end
Frame 168 start
After clearing frame
Frame 168 end
Frame 169 start
After clearing frame
Frame 169 end
Frame 170 start
After clearing frame
Frame 170 end
Frame 171 start
After clearing frame
Frame 171 end
Frame 172 start
After clearing frame
Frame 172 end
Frame 173 start
After clearing frame
Frame 173 end
Frame 174 start
After clearing frame
Frame 174 end
Frame 175 start
After clearing frame
Frame 175 end
Frame 176 start
After clearing frame
Frame 176 end
Frame 177 start
After clearing frame
Frame 177 end
Frame 178 start
After clearing frame
Frame 178 end
Frame 179 start
After clearing frame
Frame 179 end
Frame 180 start
After clearing frame
Frame 180 end
Frame 181 start
After clearing frame
Frame 181 end
Frame 182 start
After clearing frame
Frame 182 end
Frame 183 start
After clearing frame
Frame 183 end
Frame 184 start
After clearing frame
Frame 184 end
Frame 185 start
After clearing frame
Frame 185 end
Frame 186 start
After clearing frame
Frame 186 end
Frame 187 start
After clearing frame
Frame 187 end
Frame 188 start
After clearing frame
Frame 188 end
Frame 189 start
After clearing frame
Frame 189 end
Frame 190 start
After clearing frame
Frame 190 end
Frame 191 start
After clearing frame
Frame 191 end
Frame 192 start
After clearing frame
Frame 192 end
Frame 193 start
After clearing frame
Frame 193 end
Frame 194 start
After clearing frame
Frame 194 end
Frame 195 start
After clearing frame
Frame 195 end
Frame 196 start
After clearing frame
Frame 196 end
Frame 197 start
After clearing frame
Frame 197 end
Frame 198 start
After clearing frame
Frame 198 end
Frame 199 start
After clearing frame
Frame 199 end
Frame 200 start
After clearing frame
Frame 200 end
Frame 201 start
After clearing frame
Frame 201 end
Frame 202 start
After clearing frame
Frame 202 end
Frame 203 start
After clearing frame
Frame 203 end
Frame 204 start
After clearing frame
Frame 204 end
Frame 205 start
After clearing frame
Frame 205 end
Frame 206 start
After clearing frame
Frame 206 end
Frame 207 start
After clearing frame
Frame 207 end
Frame 208 start
After clearing frame
Frame 208 end
Frame 209 start
After clearing frame
Frame 209 end
Frame 210 start
After clearing frame
Frame 210 end
Frame 211 start
After clearing frame
Frame 211 end
Frame 212 start
After clearing frame
Frame 212 end
Frame 213 start
After clearing frame
Frame 213 end
Frame 214 start
After clearing frame
Frame 214 end
Frame 215 start
After clearing frame
Frame 215 end
Frame 216 start
After clearing frame
Frame 216 end
Frame 217 start
After clearing frame
Frame 217 end
Frame 218 start
After clearing frame
Frame 218 end
Frame 219 start
After clearing frame
Frame 219 end
Frame 220 start
After clearing frame
Frame 220 end
Frame 221 start
After clearing frame
Frame 221 end
Frame 222 start
After clearing frame
Frame 222 end
Frame 223 start
After clearing frame
Frame 223 end
Frame 224 start
After clearing frame
Frame 224 end
Frame 225 start
After clearing frame
Frame 225 end
Frame 226 start
After clearing frame
Frame 226 end
Frame 227 start
After clearing frame
Frame 227 end
Frame 228 start
After clearing frame
Frame 228 end
Frame 229 start
After clearing frame
Frame 229 end
Frame 230 start
After clearing frame
Frame 230 end
Frame 231 start
After clearing frame
Frame 231 end
Frame 232 start
After clearing frame
Frame 232 end
Frame 233 start
After clearing frame
Frame 233 end
Frame 234 start
After clearing frame
Frame 234 end
Frame 235 start
After clearing frame
Frame 235 end
Frame 236 start
After clearing frame
Frame 236 end
Frame 237 start
After clearing frame
Frame 237 end
Frame 238 start
After clearing frame
Frame 238 end
Frame 239 start
After clearing frame
Frame 239 end
Frame 240 start
After clearing frame
Frame 240 end
Frame 241 start
After clearing frame
Frame 241 end
Frame 242 start
After clearing frame
Frame 242 end
Frame 243 start
After clearing frame
Frame 243 end
Frame 244 start
After clearing frame
Frame 244 end
Frame 245 start
After clearing frame
Frame 245 end
Frame 246 start
After clearing frame
Frame 246 end
Frame 247 start
After clearing frame
Frame 247 end
Frame 248 start
After clearing frame
Frame 248 end
Frame 249 start
After clearing frame
Frame 249 end
Frame 250 start
After clearing frame
Frame 250 end
Frame 251 start
After clearing frame
Frame 251 end
Frame 252 start
After clearing frame
Frame 252 end
Frame 253 start
After clearing frame
Frame 253 end
Frame 254 start
After clearing frame
Frame 254 end
Frame 255 start
After clearing frame
Frame 255 end
Frame 256 start
After clearing frame
Frame 256 end
Frame 257 start
After clearing frame
Frame 257 end
Frame 258 start
After clearing frame
Frame 258 end
Frame 259 start
After clearing frame
Frame 259 end
Frame 260 start
After clearing frame
Frame 260 end
Frame 261 start
After clearing frame
Frame 261 end
Frame 262 start
After clearing frame
Frame 262 end
Frame 263 start
After clearing frame
Frame 263 end
Frame 264 start
After clearing frame
Frame 264 end
Frame 265 start
After clearing frame
Frame 265 end
Frame 266 start
After clearing frame
Frame 266 end
Frame 267 start
After clearing frame
Frame 267 end
Frame 268 start
After clearing frame
Frame 268 end
Frame 269 start
After clearing frame
Frame 269 end
Frame 270 start
After clearing frame
Frame 270 end
Frame 271 start
After clearing frame
Frame 271 end
Frame 272 start
After clearing frame
Frame 272 end
Frame 273 start
After clearing frame
Frame 273 end
Frame 274 start
After clearing frame
Frame 274 end
Frame 275 start
After clearing frame
Frame 275 end
Frame 276 start
After clearing frame
Frame 276 end
Frame 277 start
After clearing frame
Frame 277 end
Frame 278 start
After clearing frame
Frame 278 end
Frame 279 start
After clearing frame
Frame 279 end
Frame 280 start
After clearing frame
Frame 280 end
Frame 281 start
After clearing frame
Frame 281 end
Frame 282 start
After clearing frame
Frame 282 end
Frame 283 start
After clearing frame
Frame 283 end
Frame 284 start
After clearing frame
Frame 284 end
Frame 285 start
After clearing frame
Frame 285 end
Frame 286 start
After clearing frame
Frame 286 end
Frame 287 start
After clearing frame
Frame 287 end
Frame 288 start
After clearing frame
Frame 288 end
Frame 289 start
After clearing frame
Frame 289 end
Frame 290 start
After clearing frame
Frame 290 end
Frame 291 start
After clearing frame
Frame 291 end
Frame 292 start
After clearing frame
Frame 292 end
Frame 293 start
After clearing frame
Frame 293 end
Frame 294 start
After clearing frame
Frame 294 end
Frame 295 start
After clearing frame
Frame 295 end
Frame 296 start
After clearing frame
Frame 296 end
Frame 297 start
After clearing frame
Frame 297 end
Frame 298 start
After clearing frame
Frame 298 end
Frame 299 start
After clearing frame
Frame 299 end
Frame 300 start
After clearing frame
Frame 300 end
Frame 301 start
After clearing frame
Frame 301 end
Frame 302 start
After clearing frame
Frame 302 end
Frame 303 start
After clearing frame
Frame 303 end
Frame 304 start
After clearing frame
Frame 304 end
Frame 305 start
After clearing frame
Frame 305 end
Frame 306 start
After clearing frame
Frame 306 end
Frame 307 start
After clearing frame
Frame 307 end
Frame 308 start
After clearing frame
Frame 308 end
Frame 309 start
After clearing frame
Frame 309 end
Frame 310 start
After clearing frame
Frame 310 end
Frame 311 start
After clearing frame
Frame 311 end
Frame 312 start
After clearing frame
Frame 312 end
Frame 313 start
After clearing frame
Frame 313 end
Frame 314 start
After clearing frame
Frame 314 end
Frame 315 start
After clearing frame
Frame 315 end
Frame 316 start
After clearing frame
Frame 316 end
Frame 317 start
After clearing frame
Frame 317 end
Frame 318 start
After clearing frame
Frame 318 end
Frame 319 start
After clearing frame
Frame 319 end
Frame 320 start
After clearing frame
Frame 320 end
Frame 321 start
After clearing frame
Frame 321 end
Frame 322 start
After clearing frame
Frame 322 end
Frame 323 start
After clearing frame
Frame 323 end
Frame 324 start
After clearing frame
Frame 324 end
Frame 325 start
After clearing frame
Frame 325 end
Frame 326 start
After clearing frame
Frame 326 end
Frame 327 start
After clearing frame
Frame 327 end
Frame 328 start
After clearing frame
Frame 328 end
Frame 329 start
After clearing frame
Frame 329 end
Frame 330 start
After clearing frame
Frame 330 end
Frame 331 start
After clearing frame
Frame 331 end
Frame 332 start
After clearing frame
Frame 332 end
Frame 333 start
After clearing frame
Frame 333 end
Frame 334 start
After clearing frame
Frame 334 end
Frame 335 start
After clearing frame
Frame 335 end
Frame 336 start
After clearing frame
Frame 336 end
Frame 337 start
After clearing frame
Frame 337 end
Frame 338 start
After clearing frame
Frame 338 end
Frame 339 start
After clearing frame
Frame 339 end
Frame 340 start
After clearing frame
Frame 340 end
Frame 341 start
After clearing frame
Frame 341 end
Frame 342 start
After clearing frame
Frame 342 end
Frame 343 start
After clearing frame
Frame 343 end
Frame 344 start
After clearing frame
Frame 344 end
Frame 345 start
After clearing frame
Frame 345 end
Frame 346 start
After clearing frame
Frame 346 end
Frame 347 start
After clearing frame
Frame 347 end
Frame 348 start
After clearing frame
Frame 348 end
Frame 349 start
After clearing frame
Frame 349 end
Frame 350 start
After clearing frame
Frame 350 end
Frame 351 start
After clearing frame
Frame 351 end
Frame 352 start
After clearing frame
Frame 352 end
Frame 353 start
After clearing frame
Frame 353 end
Frame 354 start
After clearing frame
Frame 354 end
Frame 355 start
After clearing frame
Frame 355 end
Frame 356 start
After clearing frame
Frame 356 end
Frame 357 start
After clearing frame
Frame 357 end
Frame 358 start
After clearing frame
Frame 358 end
Frame 359 start
After clearing frame
Frame 359 end
Frame 360 start
After clearing frame
Frame 360 end
Frame 361 start
After clearing frame
Frame 361 end
Frame 362 start
After clearing frame
Frame 362 end
Frame 363 start
After clearing frame
Frame 363 end
Frame 364 start
After clearing frame
Frame 364 end
Frame 365 start
After clearing frame
Frame 365 end
Frame 366 start
After clearing frame
Frame 366 end
Frame 367 start
After clearing frame
Frame 367 end
Frame 368 start
After clearing frame
Frame 368 end
Frame 369 start
After clearing frame
Frame 369 end
Frame 370 start
After clearing frame
Frame 370 end
Frame 371 start
After clearing frame
Frame 371 end
Frame 372 start
After clearing frame
Frame 372 end
Frame 373 start
After clearing frame
Frame 373 end
Frame 374 start
After clearing frame
Frame 374 end
Frame 375 start
After clearing frame
Frame 375 end
Frame 376 start
After clearing frame
Frame 376 end
Frame 377 start
After clearing frame
Frame 377 end
Frame 378 start
After clearing frame
Frame 378 end
Frame 379 start
After clearing frame
Frame 379 end
Frame 380 start
After clearing frame
Frame 380 end
Frame 381 start
After clearing frame
Frame 381 end
Frame 382 start
After clearing frame
Frame 382 end
Frame 383 start
After clearing frame
Frame 383 end
Frame 384 start
After clearing frame
Frame 384 end
Frame 385 start
After clearing frame
Frame 385 end
Frame 386 start
After clearing frame
Frame 386 end
Frame 387 start
After clearing frame
Frame 387 end
Frame 388 start
After clearing frame
Frame 388 end
Frame 389 start
After clearing frame
Frame 389 end
Frame 390 start
After clearing frame
Frame 390 end
Frame 391 start
After clearing frame
Frame 391 end
Frame 392 start
After clearing frame
Frame 392 end
Frame 393 start
After clearing frame
Frame 393 end
Frame 394 start
After clearing frame
Frame 394 end
Frame 395 start
After clearing frame
Frame 395 end
Frame 396 start
After clearing frame
Frame 396 end
Frame 397 start
After clearing frame
Frame 397 end
Frame 398 start
After clearing frame
Frame 398 end
Frame 399 start
After clearing frame
Frame 399 end
Frame 400 start
After clearing frame
Frame 400 end
Frame 401 start
After clearing frame
Frame 401 end
Frame 402 start
After clearing frame
Frame 402 end
Frame 403 start
After clearing frame
Frame 403 end
Frame 404 start
After clearing frame
Frame 404 end
Frame 405 start
After clearing frame
Frame 405 end
Frame 406 start
After clearing frame
Frame 406 end
Frame 407 start
After clearing frame
Frame 407 end
Frame 408 start
After clearing frame
Frame 408 end
Frame 409 start
After clearing frame
Frame 409 end
Frame 410 start
After clearing frame
Frame 410 end
Frame 411 start
After clearing frame
Frame 411 end
Frame 412 start
After clearing frame
Frame 412 end
Frame 413 start
After clearing frame
Frame 413 end
Frame 414 start
After clearing frame
Frame 414 end
Frame 415 start
After clearing frame
Frame 415 end
Frame 416 start
After clearing frame
Frame 416 end
Frame 417 start
After clearing frame
Frame 417 end
Frame 418 start
After clearing frame
Frame 418 end
Frame 419 start
After clearing frame
Frame 419 end
Frame 420 start
After clearing frame
Frame 420 end
Frame 421 start
After clearing frame
Frame 421 end
Frame 422 start
After clearing frame
Frame 422 end
Frame 423 start
After clearing frame
Frame 423 end
Frame 424 start
After clearing frame
Frame 424 end
Frame 425 start
After clearing frame
Frame 425 end
Frame 426 start
After clearing frame
Frame 426 end
Frame 427 start
After clearing frame
Frame 427 end
Frame 428 start
After clearing frame
Frame 428 end
Frame 429 start
After clearing frame
Frame 429 end
Frame 430 start
After clearing frame
Frame 430 end
Frame 431 start
After clearing frame
Frame 431 end
Frame 432 start
After clearing frame
Frame 432 end
Frame 433 start
After clearing frame
Frame 433 end
Frame 434 start
After clearing frame
Frame 434 end
Frame 435 start
After clearing frame
Frame 435 end
Frame 436 start
After clearing frame
Frame 436 end
Frame 437 start
After clearing frame
Frame 437 end
Frame 438 start
After clearing frame
Frame 438 end
Frame 439 start
After clearing frame
Frame 439 end
Frame 440 start
After clearing frame
Frame 440 end
Frame 441 start
After clearing frame
Frame 441 end
Frame 442 start
After clearing frame
Frame 442 end
Frame 443 start
After clearing frame
Frame 443 end
Frame 444 start
After clearing frame
Frame 444 end
Frame 445 start
After clearing frame
Frame 445 end
Frame 446 start
After clearing frame
Frame 446 end
Frame 447 start
After clearing frame
Frame 447 end
Frame 448 start
After clearing frame
Frame 448 end
Frame 449 start
After clearing frame
Frame 449 end
Frame 450 start
After clearing frame
Frame 450 end
Frame 451 start
After clearing frame
Frame 451 end
Frame 452 start
After clearing frame
Frame 452 end
Frame 453 start
After clearing frame
Frame 453 end
Frame 454 start
After clearing frame
Frame 454 end
Frame 455 start
After clearing frame
Frame 455 end
Frame 456 start
After clearing frame
Frame 456 end
Frame 457 start
After clearing frame
Frame 457 end
Frame 458 start
After clearing frame
Frame 458 end
Frame 459 start
After clearing frame
Frame 459 end
Frame 460 start
After clearing frame
Frame 460 end
Frame 461 start
After clearing frame
Frame 461 end
Frame 462 start
After clearing frame
Frame 462 end
Frame 463 start
After clearing frame
Frame 463 end
Frame 464 start
After clearing frame
Frame 464 end
Frame 465 start
After clearing frame
Frame 465 end
Frame 466 start
After clearing frame
Frame 466 end
Frame 467 start
After clearing frame
Frame 467 end
Frame 468 start
After clearing frame
Frame 468 end
Frame 469 start
After clearing frame
Frame 469 end
Frame 470 start
After clearing frame
Frame 470 end
Frame 471 start
After clearing frame
Frame 471 end
Frame 472 start
After clearing frame
Frame 472 end
Frame 473 start
After clearing frame
Frame 473 end
Frame 474 start
After clearing frame
Frame 474 end
Frame 475 start
After clearing frame
Frame 475 end
Frame 476 start
After clearing frame
Frame 476 end
Frame 477 start
After clearing frame
Frame 477 end
Frame 478 start
After clearing frame
Frame 478 end
Frame 479 start
After clearing frame
Frame 479 end
Frame 480 start
After clearing frame
Frame 480 end
Frame 481 start
After clearing frame
Frame 481 end
Frame 482 start
After clearing frame
Frame 482 end
Frame 483 start
After clearing frame
Frame 483 end
Frame 484 start
After clearing frame
Frame 484 end
Frame 485 start
After clearing frame
Frame 485 end
Frame 486 start
After clearing frame
Frame 486 end
Frame 487 start
After clearing frame
Frame 487 end
Frame 488 start
After clearing frame
Frame 488 end
Frame 489 start
After clearing frame
Frame 489 end
Frame 490 start
After clearing frame
Frame 490 end
Frame 491 start
After clearing frame
Frame 491 end
Frame 492 start
After clearing frame
Frame 492 end
Frame 493 start
After clearing frame
Frame 493 end
Frame 494 start
After clearing frame
Frame 494 end
Frame 495 start
After clearing frame
Frame 495 end
Frame 496 start
After clearing frame
Frame 496 end
Frame 497 start
After clearing frame
Frame 497 end
Frame 498 start
After clearing frame
Frame 498 end
Frame 499 start
After clearing frame
Frame 499 end
Frame 500 start
After clearing frame
Frame 500 end
Frame 501 start
After clearing frame
Frame 501 end
Frame 502 start
After clearing frame
Frame 502 end
Frame 503 start
After clearing frame
Frame 503 end
Frame 504 start
After clearing frame
Frame 504 end
Frame 505 start
After clearing frame
Frame 505 end
Frame 506 start
After clearing frame
Frame 506 end
Frame 507 start
After clearing frame
Frame 507 end
Frame 508 start
After clearing frame
Frame 508 end
Frame 509 start
After clearing frame
Frame 509 end
Frame 510 start
After clearing frame
Frame 510 end
Frame 511 start
After clearing frame
Frame 511 end
Frame 512 start
After clearing frame
Frame 512 end
Frame 513 start
After clearing frame
Frame 513 end
Frame 514 start
After clearing frame
Frame 514 end
Frame 515 start
After clearing frame
Frame 515 end
Frame 516 start
After clearing frame
Frame 516 end
Frame 517 start
After clearing frame
Frame 517 end
Frame 518 start
After clearing frame
Frame 518 end
Frame 519 start
After clearing frame
Frame 519 end
Frame 520 start
After clearing frame
Frame 520 end
Frame 521 start
After clearing frame
Frame 521 end
Frame 522 start
After clearing frame
Frame 522 end
Frame 523 start
After clearing frame
Frame 523 end
Frame 524 start
After clearing frame
Frame 524 end
Frame 525 start
After clearing frame
Frame 525 end
Frame 526 start
After clearing frame
Frame 526 end
Frame 527 start
After clearing frame
Frame 527 end
Frame 528 start
After clearing frame
Frame 528 end
Frame 529 start
After clearing frame
Frame 529 end
Frame 530 start
After clearing frame
Frame 530 end
Frame 531 start
After clearing frame
Frame 531 end
Frame 532 start
After clearing frame
Frame 532 end
Frame 533 start
After clearing frame
Frame 533 end
Frame 534 start
After clearing frame
Frame 534 end
Frame 535 start
After clearing frame
Frame 535 end
Frame 536 start
After clearing frame
Frame 536 end
Frame 537 start
After clearing frame
Frame 537 end
Frame 538 start
After clearing frame
Frame 538 end
Frame 539 start
After clearing frame
Frame 539 end
Frame 540 start
After clearing frame
Frame 540 end
Frame 541 start
After clearing frame
Frame 541 end
Frame 542 start
After clearing frame
Frame 542 end
Frame 543 start
After clearing frame
Frame 543 end
Frame 544 start
After clearing frame
Frame 544 end
Frame 545 start
After clearing frame
Frame 545 end
Frame 546 start
After clearing frame
Frame 546 end
Frame 547 start
After clearing frame
Frame 547 end
Frame 548 start
After clearing frame
Frame 548 end
Frame 549 start
After clearing frame
Frame 549 end
Frame 550 start
After clearing frame
Frame 550 end
Frame 551 start
After clearing frame
Frame 551 end
Frame 552 start
After clearing frame
Frame 552 end
Frame 553 start
After clearing frame
Frame 553 end
Frame 554 start
After clearing frame
Frame 554 end
Frame 555 start
After clearing frame
Frame 555 end
Frame 556 start
After clearing frame
Frame 556 end
Frame 557 start
After clearing frame
Frame 557 end
Frame 558 start
After clearing frame
Frame 558 end
Frame 559 start
After clearing frame
Frame 559 end
Frame 560 start
After clearing frame
Frame 560 end
Frame 561 start
After clearing frame
Frame 561 end
Frame 562 start
After clearing frame
Frame 562 end
Frame 563 start
After clearing frame
Frame 563 end
Frame 564 start
After clearing frame
Frame 564 end
Frame 565 start
After clearing frame
Frame 565 end
Frame 566 start
After clearing frame
Frame 566 end
Frame 567 start
After clearing frame
Frame 567 end
Frame 568 start
After clearing frame
Frame 568 end
Frame 569 start
After clearing frame
Frame 569 end
Frame 570 start
After clearing frame
Frame 570 end
Frame 571 start
After clearing frame
Frame 571 end
Frame 572 start
After clearing frame
Frame 572 end
Frame 573 start
After clearing frame
Frame 573 end
Frame 574 start
After clearing frame
Frame 574 end
Frame 575 start
After clearing frame
Frame 575 end
Frame 576 start
After clearing frame
Frame 576 end
Frame 577 start
After clearing frame
Frame 577 end
Frame 578 start
After clearing frame
Frame 578 end
Frame 579 start
After clearing frame
Frame 579 end
Frame 580 start
After clearing frame
Frame 580 end
Frame 581 start
After clearing frame
Frame 581 end
Frame 582 start
After clearing frame
Frame 582 end
Frame 583 start
After clearing frame
Frame 583 end
Frame 584 start
After clearing frame
Frame 584 end
Frame 585 start
After clearing frame
Frame 585 end
Frame 586 start
After clearing frame
Frame 586 end
Frame 587 start
After clearing frame
Frame 587 end
Frame 588 start
After clearing frame
Frame 588 end
Frame 589 start
After clearing frame
Frame 589 end
Frame 590 start
After clearing frame
Frame 590 end
Frame 591 start
After clearing frame
Frame 591 end
Frame 592 start
After clearing frame
Frame 592 end
Frame 593 start
After clearing frame
Frame 593 end
Frame 594 start
After clearing frame
Frame 594 end
Frame 595 start
After clearing frame
Frame 595 end
Frame 596 start
After clearing frame
Frame 596 end
Frame 597 start
After clearing frame
Frame 597 end
Frame 598 start
After clearing frame
Frame 598 end
Frame 599 start
After clearing frame
Frame 599 end
Frame 600 start
After clearing frame
Frame 600 end
Frame 601 start
After clearing frame
Frame 601 end
Frame 602 start
After clearing frame
Frame 602 end
Frame 603 start
After clearing frame
Frame 603 end
Frame 604 start
After clearing frame
Frame 604 end
Frame 605 start
After clearing frame
Frame 605 end
Frame 606 start
After clearing frame
Frame 606 end
Frame 607 start
After clearing frame
Frame 607 end
Frame 608 start
After clearing frame
Frame 608 end
Frame 609 start
After clearing frame
Frame 609 end
Frame 610 start
After clearing frame
Frame 610 end
Frame 611 start
After clearing frame
Frame 611 end
Frame 612 start
After clearing frame
Frame 612 end
Frame 613 start
After clearing frame
Frame 613 end
Frame 614 start
After clearing frame
Frame 614 end
Frame 615 start
After clearing frame
Frame 615 end
Frame 616 start
After clearing frame
Frame 616 end
Frame 617 start
After clearing frame
Frame 617 end
Frame 618 start
After clearing frame
Frame 618 end
Frame 619 start
After clearing frame
Frame 619 end
Frame 620 start
After clearing frame
Frame 620 end
Frame 621 start
After clearing frame
Frame 621 end
Frame 622 start
After clearing frame
Frame 622 end
Frame 623 start
After clearing frame
Frame 623 end
Frame 624 start
After clearing frame
Frame 624 end
Frame 625 start
After clearing frame
Frame 625 end
Frame 626 start
After clearing frame
Frame 626 end
Frame 627 start
After clearing frame
Frame 627 end
Frame 628 start
After clearing frame
Frame 628 end
Frame 629 start
After clearing frame
Frame 629 end
Frame 630 start
After clearing frame
Frame 630 end
Frame 631 start
After clearing frame
Frame 631 end
Frame 632 start
After clearing frame
Frame 632 end
Frame 633 start
After clearing frame
Frame 633 end
Frame 634 start
After clearing frame
Frame 634 end
Frame 635 start
After clearing frame
Frame 635 end
Frame 636 start
After clearing frame
Frame 636 end
Frame 637 start
After clearing frame
Frame 637 end
Frame 638 start
After clearing frame
Frame 638 end
Frame 639 start
After clearing frame
Frame 639 end
Frame 640 start
After clearing frame
Frame 640 end
Frame 641 start
After clearing frame
Frame 641 end
Frame 642 start
After clearing frame
Frame 642 end
Frame 643 start
After clearing frame
Frame 643 end
Frame 644 start
After clearing frame
Frame 644 end
Frame 645 start
After clearing frame
Frame 645 end
Frame 646 start
After clearing frame
Frame 646 end
Frame 647 start
After clearing frame
Frame 647 end
Frame 648 start
After clearing frame
Frame 648 end
Frame 649 start
After clearing frame
Frame 649 end
Frame 650 start
After clearing frame
Frame 650 end
Frame 651 start
After clearing frame
Frame 651 end
Frame 652 start
After clearing frame
Frame 652 end
Frame 653 start
After clearing frame
Frame 653 end
Frame 654 start
After clearing frame
Frame 654 end
Frame 655 start
After clearing frame
Frame 655 end
Frame 656 start
After clearing frame
Frame 656 end
Frame 657 start
After clearing frame
Frame 657 end
Frame 658 start
After clearing frame
Frame 658 end
Frame 659 start
After clearing frame
Frame 659 end
Frame 660 start
After clearing frame
Frame 660 end
Frame 661 start
After clearing frame
Frame 661 end
Frame 662 start
After clearing frame
Frame 662 end
Frame 663 start
After clearing frame
Frame 663 end
Frame 664 start
After clearing frame
Frame 664 end
Frame 665 start
After clearing frame
Frame 665 end
Frame 666 start
After clearing frame
Frame 666 end
Frame 667 start
After clearing frame
Frame 667 end
Frame 668 start
After clearing frame
Frame 668 end
Frame 669 start
After clearing frame
Frame 669 end
Frame 670 start
After clearing frame
Frame 670 end
Frame 671 start
After clearing frame
Frame 671 end
Frame 672 start
After clearing frame
Frame 672 end
Frame 673 start
After clearing frame
Frame 673 end
Frame 674 start
After clearing frame
Frame 674 end
Frame 675 start
After clearing frame
Frame 675 end
Frame 676 start
After clearing frame
Frame 676 end
Frame 677 start
After clearing frame
Frame 677 end
Frame 678 start
After clearing frame
Frame 678 end
Frame 679 start
After clearing frame
Frame 679 end
Frame 680 start
After clearing frame
Frame 680 end
Frame 681 start
After clearing frame
Frame 681 end
Frame 682 start
After clearing frame
Frame 682 end
Frame 683 start
After clearing frame
Frame 683 end
Frame 684 start
After clearing frame
Frame 684 end
Frame 685 start
After clearing frame
Frame 685 end
Frame 686 start
After clearing frame
Frame 686 end
Frame 687 start
After clearing frame
Frame 687 end
Frame 688 start
After clearing frame
Frame 688 end
Frame 689 start
After clearing frame
Frame 689 end
Frame 690 start
After clearing frame
Frame 690 end
Frame 691 start
After clearing frame
Frame 691 end
Frame 692 start
After clearing frame
Frame 692 end
Frame 693 start
After clearing frame
Frame 693 end
Frame 694 start
After clearing frame
Frame 694 end
Frame 695 start
After clearing frame
Frame 695 end
Frame 696 start
After clearing frame
Frame 696 end
Frame 697 start
After clearing frame
Frame 697 end
Frame 698 start
After clearing frame
Frame 698 end
Frame 699 start
After clearing frame
Frame 699 end
Frame 700 start
After clearing frame
Frame 700 end
Frame 701 start
After clearing frame
Frame 701 end
Frame 702 start
After clearing frame
Frame 702 end
Frame 703 start
After clearing frame
Frame 703 end
Frame 704 start
After clearing frame
Frame 704 end
Frame 705 start
After clearing frame
Frame 705 end
Frame 706 start
After clearing frame
Frame 706 end
Frame 707 start
After clearing frame
Frame 707 end
Frame 708 start
After clearing frame
Frame 708 end
Frame 709 start
After clearing frame
Frame 709 end
Frame 710 start
After clearing frame
Frame 710 end
Frame 711 start
After clearing frame
Frame 711 end
Frame 712 start
After clearing frame
Frame 712 end
Frame 713 start
After clearing frame
Frame 713 end
Frame 714 start
After clearing frame
Frame 714 end
Frame 715 start
After clearing frame
Frame 715 end
Frame 716 start
After clearing frame
Frame 716 end
Frame 717 start
After clearing frame
Frame 717 end
Frame 718 start
After clearing frame
Frame 718 end
Frame 719 start
After clearing frame
Frame 719 end
Frame 720 start
After clearing frame
Frame 720 end
Frame 721 start
After clearing frame
Frame 721 end
Frame 722 start
After clearing frame
Frame 722 end
Frame 723 start
After clearing frame
Frame 723 end
Frame 724 start
After clearing frame
Frame 724 end
Frame 725 start
After clearing frame
Frame 725 end
Frame 726 start
After clearing frame
Frame 726 end
Frame 727 start
After clearing frame
Frame 727 end
Frame 728 start
After clearing frame
Frame 728 end
Frame 729 start
After clearing frame
Frame 729 end
Frame 730 start
After clearing frame
Frame 730 end
Frame 731 start
After clearing frame
Frame 731 end
Frame 732 start
After clearing frame
Frame 732 end
Frame 733 start
After clearing frame
Frame 733 end
Frame 734 start
After clearing frame
Frame 734 end
Frame 735 start
After clearing frame
Frame 735 end
Frame 736 start
After clearing frame
Frame 736 end
Frame 737 start
After clearing frame
Frame 737 end
Frame 738 start
After clearing frame
Frame 738 end
Frame 739 start
After clearing frame
Frame 739 end
Frame 740 start
After clearing frame
Frame 740 end
Frame 741 start
After clearing frame
Frame 741 end
Frame 742 start
After clearing frame
Frame 742 end
Frame 743 start
After clearing frame
Frame 743 end
Frame 744 start
After clearing frame
Frame 744 end
Frame 745 start
After clearing frame
Frame 745 end
Frame 746 start
After clearing frame
Frame 746 end
Frame 747 start
After clearing frame
Frame 747 end
Frame 748 start
After clearing frame
Frame 748 end
Frame 749 start
After clearing frame
Frame 749 end
Frame 750 start
After clearing frame
Frame 750 end
Frame 751 start
After clearing frame
Frame 751 end
Frame 752 start
After clearing frame
Frame 752 end
Frame 753 start
After clearing frame
Frame 753 end
Frame 754 start
After clearing frame
Frame 754 end
Frame 755 start
After clearing frame
Frame 755 end
Frame 756 start
After clearing frame
Frame 756 end
Frame 757 start
After clearing frame
Frame 757 end
Frame 758 start
After clearing frame
Frame 758 end
Frame 759 start
After clearing frame
Frame 759 end
Frame 760 start
After clearing frame
Frame 760 end
Frame 761 start
After clearing frame
Frame 761 end
Frame 762 start
After clearing frame
Frame 762 end
Frame 763 start
After clearing frame
Frame 763 end
Frame 764 start
After clearing frame
Frame 764 end
Frame 765 start
After clearing frame
Frame 765 end
Frame 766 start
After clearing frame
Frame 766 end
Frame 767 start
After clearing frame
Frame 767 end
Frame 768 start
After clearing frame
Frame 768 end
Frame 769 start
After clearing frame
Frame 769 end
Frame 770 start
After clearing frame
Frame 770 end
Frame 771 start
After clearing frame
Frame 771 end
Frame 772 start
After clearing frame
Frame 772 end
Frame 773 start
After clearing frame
Frame 773 end
Frame 774 start
After clearing frame
Frame 774 end
Frame 775 start
After clearing frame
Frame 775 end
Frame 776 start
After clearing frame
Frame 776 end
Frame 777 start
After clearing frame
Frame 777 end
Frame 778 start
After clearing frame
Frame 778 end
Frame 779 start
After clearing frame
Frame 779 end
Frame 780 start
After clearing frame
Frame 780 end
Frame 781 start
After clearing frame
Frame 781 end
Frame 782 start
After clearing frame
Frame 782 end
Frame 783 start
After clearing frame
Frame 783 end
Frame 784 start
After clearing frame
Frame 784 end
Frame 785 start
After clearing frame
Frame 785 end
Frame 786 start
After clearing frame
Frame 786 end
Frame 787 start
After clearing frame
Frame 787 end
Frame 788 start
After clearing frame
Frame 788 end
Frame 789 start
After clearing frame
Frame 789 end
Frame 790 start
After clearing frame
Frame 790 end
Frame 791 start
After clearing frame
Frame 791 end
Frame 792 start
After clearing frame
Frame 792 end
Frame 793 start
After clearing frame
Frame 793 end
Frame 794 start
After clearing frame
Frame 794 end
Frame 795 start
After clearing frame
Frame 795 end
Frame 796 start
After clearing frame
Frame 796 end
Frame 797 start
After clearing frame
Frame 797 end
Frame 798 start
After clearing frame
Frame 798 end
Frame 799 start
After clearing frame
Frame 799 end
Frame 800 start
After clearing frame
Frame 800 end
Frame 801 start
After clearing frame
Frame 801 end
Frame 802 start
After clearing frame
Frame 802 end
Frame 803 start
After clearing frame
Frame 803 end
Frame 804 start
After clearing frame
Frame 804 end
Frame 805 start
After clearing frame
Frame 805 end
Frame 806 start
After clearing frame
Frame 806 end
Frame 807 start
After clearing frame
Frame 807 end
Frame 808 start
After clearing frame
Window close requested
Frame 808 end
Application exiting. Press Enter to close...
